<?xml version="1.0" encoding="UTF-8"?>
<testsuite name="com.concretepage.SpringBootWSProducer.SpringBootWsProducerApplicationTests" tests="1" skipped="0" failures="0" errors="0" timestamp="2019-02-21T17:01:37" hostname="/127.0.0.1" time="0.19">
  <properties/>
  <testcase name="contextLoads" classname="com.concretepage.SpringBootWSProducer.SpringBootWsProducerApplicationTests" time="0.19"/>
  <system-out><![CDATA[12:01:32.847 [Test worker] DEBUG org.springframework.test.context.junit4.SpringJUnit4ClassRunner - SpringJUnit4ClassRunner constructor called with [class com.concretepage.SpringBootWSProducer.SpringBootWsProducerApplicationTests]
12:01:32.854 [Test worker] DEBUG org.springframework.test.context.BootstrapUtils - Instantiating CacheAwareContextLoaderDelegate from class [org.springframework.test.context.cache.DefaultCacheAwareContextLoaderDelegate]
12:01:32.861 [Test worker] DEBUG org.springframework.test.context.BootstrapUtils - Instantiating BootstrapContext using constructor [public org.springframework.test.context.support.DefaultBootstrapContext(java.lang.Class,org.springframework.test.context.CacheAwareContextLoaderDelegate)]
12:01:32.877 [Test worker] DEBUG org.springframework.test.context.BootstrapUtils - Instantiating TestContextBootstrapper for test class [com.concretepage.SpringBootWSProducer.SpringBootWsProducerApplicationTests] from class [org.springframework.boot.test.context.SpringBootTestContextBootstrapper]
12:01:32.886 [Test worker] INFO org.springframework.boot.test.context.SpringBootTestContextBootstrapper - Neither @ContextConfiguration nor @ContextHierarchy found for test class [com.concretepage.SpringBootWSProducer.SpringBootWsProducerApplicationTests], using SpringBootContextLoader
12:01:32.888 [Test worker] DEBUG org.springframework.test.context.support.AbstractContextLoader - Did not detect default resource location for test class [com.concretepage.SpringBootWSProducer.SpringBootWsProducerApplicationTests]: class path resource [com/concretepage/SpringBootWSProducer/SpringBootWsProducerApplicationTests-context.xml] does not exist
12:01:32.889 [Test worker] DEBUG org.springframework.test.context.support.AbstractContextLoader - Did not detect default resource location for test class [com.concretepage.SpringBootWSProducer.SpringBootWsProducerApplicationTests]: class path resource [com/concretepage/SpringBootWSProducer/SpringBootWsProducerApplicationTestsContext.groovy] does not exist
12:01:32.889 [Test worker] INFO org.springframework.test.context.support.AbstractContextLoader - Could not detect default resource locations for test class [com.concretepage.SpringBootWSProducer.SpringBootWsProducerApplicationTests]: no resource found for suffixes {-context.xml, Context.groovy}.
12:01:32.890 [Test worker] INFO org.springframework.test.context.support.AnnotationConfigContextLoaderUtils - Could not detect default configuration classes for test class [com.concretepage.SpringBootWSProducer.SpringBootWsProducerApplicationTests]: SpringBootWsProducerApplicationTests does not declare any static, non-private, non-final, nested classes annotated with @Configuration.
12:01:32.925 [Test worker] DEBUG org.springframework.test.context.support.ActiveProfilesUtils - Could not find an 'annotation declaring class' for annotation type [org.springframework.test.context.ActiveProfiles] and class [com.concretepage.SpringBootWSProducer.SpringBootWsProducerApplicationTests]
12:01:32.990 [Test worker] DEBUG org.springframework.context.annotation.ClassPathScanningCandidateComponentProvider - Identified candidate component class: file [/home/synopsis/etello/SOAP/crud-mysql-gradle-soap/build/classes/java/main/com/concretepage/SpringBootWSProducer/SpringBootWsProducerApplication.class]
12:01:32.991 [Test worker] INFO org.springframework.boot.test.context.SpringBootTestContextBootstrapper - Found @SpringBootConfiguration com.concretepage.SpringBootWSProducer.SpringBootWsProducerApplication for test class com.concretepage.SpringBootWSProducer.SpringBootWsProducerApplicationTests
12:01:33.065 [Test worker] DEBUG org.springframework.boot.test.context.SpringBootTestContextBootstrapper - @TestExecutionListeners is not present for class [com.concretepage.SpringBootWSProducer.SpringBootWsProducerApplicationTests]: using defaults.
12:01:33.065 [Test worker] INFO org.springframework.boot.test.context.SpringBootTestContextBootstrapper - Loaded default TestExecutionListener class names from location [META-INF/spring.factories]: [org.springframework.boot.test.autoconfigure.restdocs.RestDocsTestExecutionListener, org.springframework.boot.test.autoconfigure.web.client.MockRestServiceServerResetTestExecutionListener, org.springframework.boot.test.autoconfigure.web.servlet.MockMvcPrintOnlyOnFailureTestExecutionListener, org.springframework.boot.test.autoconfigure.web.servlet.WebDriverTestExecutionListener, org.springframework.boot.test.mock.mockito.MockitoTestExecutionListener, org.springframework.boot.test.mock.mockito.ResetMocksTestExecutionListener, org.springframework.test.context.web.ServletTestExecutionListener, org.springframework.test.context.support.DirtiesContextBeforeModesTestExecutionListener, org.springframework.test.context.support.DependencyInjectionTestExecutionListener, org.springframework.test.context.support.DirtiesContextTestExecutionListener, org.springframework.test.context.transaction.TransactionalTestExecutionListener, org.springframework.test.context.jdbc.SqlScriptsTestExecutionListener]
12:01:33.078 [Test worker] INFO org.springframework.boot.test.context.SpringBootTestContextBootstrapper - Using TestExecutionListeners: [org.springframework.test.context.web.ServletTestExecutionListener@cc2dd8e, org.springframework.test.context.support.DirtiesContextBeforeModesTestExecutionListener@7d143589, org.springframework.boot.test.mock.mockito.MockitoTestExecutionListener@47687613, org.springframework.boot.test.autoconfigure.SpringBootDependencyInjectionTestExecutionListener@5ddb9f7f, org.springframework.test.context.support.DirtiesContextTestExecutionListener@47ef07e7, org.springframework.test.context.transaction.TransactionalTestExecutionListener@1b8bdaee, org.springframework.test.context.jdbc.SqlScriptsTestExecutionListener@1fd7ef62, org.springframework.boot.test.autoconfigure.restdocs.RestDocsTestExecutionListener@1ef6bb80, org.springframework.boot.test.autoconfigure.web.client.MockRestServiceServerResetTestExecutionListener@21994786, org.springframework.boot.test.autoconfigure.web.servlet.MockMvcPrintOnlyOnFailureTestExecutionListener@6480b5f1, org.springframework.boot.test.autoconfigure.web.servlet.WebDriverTestExecutionListener@440ceafc, org.springframework.boot.test.mock.mockito.ResetMocksTestExecutionListener@6f0d7346]
12:01:33.080 [Test worker] DEBUG org.springframework.test.annotation.ProfileValueUtils - Retrieved @ProfileValueSourceConfiguration [null] for test class [com.concretepage.SpringBootWSProducer.SpringBootWsProducerApplicationTests]
12:01:33.081 [Test worker] DEBUG org.springframework.test.annotation.ProfileValueUtils - Retrieved ProfileValueSource type [class org.springframework.test.annotation.SystemProfileValueSource] for class [com.concretepage.SpringBootWSProducer.SpringBootWsProducerApplicationTests]
12:01:33.081 [Test worker] DEBUG org.springframework.test.annotation.ProfileValueUtils - Retrieved @ProfileValueSourceConfiguration [null] for test class [com.concretepage.SpringBootWSProducer.SpringBootWsProducerApplicationTests]
12:01:33.081 [Test worker] DEBUG org.springframework.test.annotation.ProfileValueUtils - Retrieved ProfileValueSource type [class org.springframework.test.annotation.SystemProfileValueSource] for class [com.concretepage.SpringBootWSProducer.SpringBootWsProducerApplicationTests]
12:01:33.085 [Test worker] DEBUG org.springframework.test.context.support.AbstractDirtiesContextTestExecutionListener - Before test class: context [DefaultTestContext@4570a442 testClass = SpringBootWsProducerApplicationTests, testInstance = [null], testMethod = [null], testException = [null], mergedContextConfiguration = [WebMergedContextConfiguration@63279cb9 testClass = SpringBootWsProducerApplicationTests, locations = '{}', classes = '{class com.concretepage.SpringBootWSProducer.SpringBootWsProducerApplication}', contextInitializerClasses = '[]', activeProfiles = '{}', propertySourceLocations = '{}', propertySourceProperties = '{org.springframework.boot.test.context.SpringBootTestContextBootstrapper=true}', contextCustomizers = set[org.springframework.boot.test.autoconfigure.properties.PropertyMappingContextCustomizer@0, org.springframework.boot.test.autoconfigure.web.servlet.WebDriverContextCustomizerFactory$Customizer@4acfc13d, org.springframework.boot.test.context.filter.ExcludeFilterContextCustomizer@661316f3, org.springframework.boot.test.json.DuplicateJsonObjectContextCustomizerFactory$DuplicateJsonObjectContextCustomizer@63a8410d, org.springframework.boot.test.mock.mockito.MockitoContextCustomizer@0, org.springframework.boot.test.web.client.TestRestTemplateContextCustomizer@1d2c54b3], resourceBasePath = 'src/main/webapp', contextLoader = 'org.springframework.boot.test.context.SpringBootContextLoader', parent = [null]], attributes = map['org.springframework.test.context.web.ServletTestExecutionListener.activateListener' -> true]], class annotated with @DirtiesContext [false] with mode [null].
12:01:33.086 [Test worker] DEBUG org.springframework.test.annotation.ProfileValueUtils - Retrieved @ProfileValueSourceConfiguration [null] for test class [com.concretepage.SpringBootWSProducer.SpringBootWsProducerApplicationTests]
12:01:33.086 [Test worker] DEBUG org.springframework.test.annotation.ProfileValueUtils - Retrieved ProfileValueSource type [class org.springframework.test.annotation.SystemProfileValueSource] for class [com.concretepage.SpringBootWSProducer.SpringBootWsProducerApplicationTests]
12:01:33.101 [Test worker] DEBUG org.springframework.test.context.support.TestPropertySourceUtils - Adding inlined properties to environment: {spring.jmx.enabled=false, org.springframework.boot.test.context.SpringBootTestContextBootstrapper=true, server.port=-1}

  .   ____          _            __ _ _
 /\\ / ___'_ __ _ _(_)_ __  __ _ \ \ \ \
( ( )\___ | '_ | '_| | '_ \/ _` | \ \ \ \
 \\/  ___)| |_)| | | | | || (_| |  ) ) ) )
  '  |____| .__|_| |_|_| |_\__, | / / / /
 =========|_|==============|___/=/_/_/_/
 :: Spring Boot ::        (v2.1.3.RELEASE)

2019-02-21 12:01:33.331  INFO 11121 --- [    Test worker] c.S.SpringBootWsProducerApplicationTests : Starting SpringBootWsProducerApplicationTests with PID 11121 (started by synopsis in /home/synopsis/etello/SOAP/crud-mysql-gradle-soap)
2019-02-21 12:01:33.333  INFO 11121 --- [    Test worker] c.S.SpringBootWsProducerApplicationTests : No active profile set, falling back to default profiles: default
2019-02-21 12:01:33.948  INFO 11121 --- [    Test worker] .s.d.r.c.RepositoryConfigurationDelegate : Bootstrapping Spring Data repositories in DEFAULT mode.
2019-02-21 12:01:34.002  INFO 11121 --- [    Test worker] .s.d.r.c.RepositoryConfigurationDelegate : Finished Spring Data repository scanning in 48ms. Found 1 repository interfaces.
2019-02-21 12:01:34.318  INFO 11121 --- [    Test worker] trationDelegate$BeanPostProcessorChecker : Bean 'WSConfig' of type [com.concretepage.SpringBootWSProducer.config.WSConfig$$EnhancerBySpringCGLIB$$5b12ce4] is not eligible for getting processed by all BeanPostProcessors (for example: not eligible for auto-proxying)
2019-02-21 12:01:34.321  INFO 11121 --- [    Test worker] trationDelegate$BeanPostProcessorChecker : Bean 'org.springframework.ws.config.annotation.DelegatingWsConfiguration' of type [org.springframework.ws.config.annotation.DelegatingWsConfiguration$$EnhancerBySpringCGLIB$$cd83a4c8] is not eligible for getting processed by all BeanPostProcessors (for example: not eligible for auto-proxying)
2019-02-21 12:01:34.359  INFO 11121 --- [    Test worker] .w.s.a.s.AnnotationActionEndpointMapping : Supporting [WS-Addressing August 2004, WS-Addressing 1.0]
2019-02-21 12:01:34.464  INFO 11121 --- [    Test worker] trationDelegate$BeanPostProcessorChecker : Bean 'org.springframework.transaction.annotation.ProxyTransactionManagementConfiguration' of type [org.springframework.transaction.annotation.ProxyTransactionManagementConfiguration$$EnhancerBySpringCGLIB$$28ebdfc9] is not eligible for getting processed by all BeanPostProcessors (for example: not eligible for auto-proxying)
2019-02-21 12:01:34.658  INFO 11121 --- [    Test worker] com.zaxxer.hikari.HikariDataSource       : HikariPool-1 - Starting...
2019-02-21 12:01:34.871  INFO 11121 --- [    Test worker] com.zaxxer.hikari.HikariDataSource       : HikariPool-1 - Start completed.
2019-02-21 12:01:34.947  INFO 11121 --- [    Test worker] o.hibernate.jpa.internal.util.LogHelper  : HHH000204: Processing PersistenceUnitInfo [
	name: default
	...]
2019-02-21 12:01:35.006  INFO 11121 --- [    Test worker] org.hibernate.Version                    : HHH000412: Hibernate Core {5.3.7.Final}
2019-02-21 12:01:35.007  INFO 11121 --- [    Test worker] org.hibernate.cfg.Environment            : HHH000206: hibernate.properties not found
2019-02-21 12:01:35.123  INFO 11121 --- [    Test worker] o.hibernate.annotations.common.Version   : HCANN000001: Hibernate Commons Annotations {5.0.4.Final}
2019-02-21 12:01:35.238  INFO 11121 --- [    Test worker] org.hibernate.dialect.Dialect            : HHH000400: Using dialect: org.hibernate.dialect.MySQLDialect
2019-02-21 12:01:35.721  INFO 11121 --- [    Test worker] j.LocalContainerEntityManagerFactoryBean : Initialized JPA EntityManagerFactory for persistence unit 'default'
2019-02-21 12:01:36.620  INFO 11121 --- [    Test worker] o.s.s.concurrent.ThreadPoolTaskExecutor  : Initializing ExecutorService 'applicationTaskExecutor'
2019-02-21 12:01:36.671  WARN 11121 --- [    Test worker] aWebConfiguration$JpaWebMvcConfiguration : spring.jpa.open-in-view is enabled by default. Therefore, database queries may be performed during view rendering. Explicitly configure spring.jpa.open-in-view to disable this warning
2019-02-21 12:01:37.066  INFO 11121 --- [    Test worker] c.S.SpringBootWsProducerApplicationTests : Started SpringBootWsProducerApplicationTests in 3.959 seconds (JVM running for 4.721)
]]></system-out>
  <system-err><![CDATA[]]></system-err>
</testsuite>
